<?xml version="1.0" encoding="UTF-8"?>
<!-- Generated by org.testng.reporters.JUnitReportReporter -->
<testsuite hostname="DESKTOP-6S2BJRF" failures="0" tests="1" name="com.testScripts.LoginTest" time="28.546" errors="0" timestamp="2024-11-22T18:33:44 IST" skipped="0">
  <testcase classname="com.testScripts.LoginTest" name="validPasswordloginpage" time="28.546"/>
</testsuite> <!-- com.testScripts.LoginTest -->
